<?xml version="1.0" encoding="UTF-8"?>
<testsuite xmlns:xsi="http://www.w3.org/2001/XMLSchema-instance" xsi:noNamespaceSchemaLocation="https://maven.apache.org/surefire/maven-surefire-plugin/xsd/surefire-test-report-3.0.xsd" version="3.0" name="com.restapi.test.GetMethodExampleTest" time="1.874" tests="1" errors="0" skipped="0" failures="0">
  <properties>
[...]
</properties>
  <testcase name="getUsers" classname="com.restapi.test.GetMethodExampleTest" time="1.848">
    <system-out><![CDATA[HTTP Method Used: GET
Status Code: 401
Response Body:
{
    "error": "Missing API key.",
    "how_to_get_one": "https://reqres.in/signup"
}
]]></system-out>
  </testcase>
</testsuite>